<?xml version="1.0" encoding="UTF-8"?>
<!-- Generated by org.testng.reporters.JUnitReportReporter -->
<testsuite skipped="0" hostname="Aju-PC" name="com.crm.testscripts.AdminTests" tests="3" failures="0" timestamp="02 Sep 2017 17:13:19 GMT" time="25.714" errors="0">
  <testcase name="editAccountWithValidData" time="4.629" classname="com.crm.testscripts.AdminTests"/>
  <testcase name="createAccountsWithValidataData" time="20.670" classname="com.crm.testscripts.AdminTests"/>
  <testcase name="removeCreateAccount" time="0.415" classname="com.crm.testscripts.AdminTests"/>
</testsuite> <!-- com.crm.testscripts.AdminTests -->
